Log file open, 12/03/21 17:28:18
LogWindows: Failed to load 'aqProf.dll' (GetLastError=126)
LogWindows: File 'aqProf.dll' does not exist
LogWindows: Failed to load 'VtuneApi.dll' (GetLastError=126)
LogWindows: File 'VtuneApi.dll' does not exist
LogWindows: Failed to load 'VtuneApi32e.dll' (GetLastError=126)
LogWindows: File 'VtuneApi32e.dll' does not exist
LogConsoleResponse: Display: Failed to find resolution value strings in scalability ini. Falling back to default.
LogInit: Display: Running engine for game: FirstLook
LogPakFile: Registered encryption key '00000000000000000000000000000000': 0 pak files mounted, 0 remain pending
LogPlatformFile: Not using cached read wrapper
LogTaskGraph: Started task graph with 5 named threads and 23 total threads with 3 sets of task threads.
LogStats: Stats thread started at 0.365350
LogD3D11RHI: Loaded GFSDK_Aftermath_Lib.x64.dll
LogICUInternationalization: ICU TimeZone Detection - Raw Offset: +0:00, Platform Override: ''
LogPluginManager: Mounting plugin Paper2D
LogPluginManager: Mounting plugin AISupport
LogPluginManager: Mounting plugin LightPropagationVolume
LogPluginManager: Mounting plugin ActorLayerUtilities
LogPluginManager: Mounting plugin CLionSourceCodeAccess
LogPluginManager: Mounting plugin CodeLiteSourceCodeAccess
LogPluginManager: Mounting plugin GitSourceControl
LogPluginManager: Mounting plugin KDevelopSourceCodeAccess
LogPluginManager: Mounting plugin NullSourceCodeAccess
LogPluginManager: Mounting plugin PerforceSourceControl
LogPluginManager: Mounting plugin SubversionSourceControl
LogPluginManager: Mounting plugin UObjectPlugin
LogPluginManager: Mounting plugin VisualStudioCodeSourceCodeAccess
LogPluginManager: Mounting plugin VisualStudioSourceCodeAccess
LogPluginManager: Mounting plugin XCodeSourceCodeAccess
LogPluginManager: Mounting plugin AssetManagerEditor
LogPluginManager: Mounting plugin CryptoKeys
LogPluginManager: Mounting plugin DataValidation
LogPluginManager: Mounting plugin FacialAnimation
LogPluginManager: Mounting plugin GameplayTagsEditor
LogPluginManager: Mounting plugin MacGraphicsSwitching
LogPluginManager: Mounting plugin MeshEditor
LogPluginManager: Mounting plugin MobileLauncherProfileWizard
LogPluginManager: Mounting plugin PluginBrowser
LogPluginManager: Mounting plugin SpeedTreeImporter
LogPluginManager: Mounting plugin DatasmithContent
LogPluginManager: Mounting plugin VariantManagerContent
LogPluginManager: Mounting plugin AlembicImporter
LogPluginManager: Mounting plugin AppleImageUtils
LogPluginManager: Mounting plugin AppleVision
LogPluginManager: Mounting plugin BackChannel
LogPluginManager: Mounting plugin CharacterAI
LogPluginManager: Mounting plugin GeometryCache
LogPluginManager: Mounting plugin HTML5Networking
LogPluginManager: Mounting plugin ProxyLODPlugin
LogPluginManager: Mounting plugin MagicLeap
LogPluginManager: Mounting plugin MagicLeapMedia
LogPluginManager: Mounting plugin AndroidMedia
LogPluginManager: Mounting plugin AvfMedia
LogPluginManager: Mounting plugin ImgMedia
LogPluginManager: Mounting plugin LinearTimecode
LogPluginManager: Mounting plugin MediaCompositing
LogPluginManager: Mounting plugin MediaPlayerEditor
LogPluginManager: Mounting plugin WebMMedia
LogPluginManager: Mounting plugin WmfMedia
LogPluginManager: Mounting plugin TcpMessaging
LogPluginManager: Mounting plugin UdpMessaging
LogPluginManager: Mounting plugin ActorSequence
LogPluginManager: Mounting plugin LevelSequenceEditor
LogPluginManager: Mounting plugin MatineeToLevelSequence
LogPluginManager: Mounting plugin NetcodeUnitTest
LogPluginManager: Mounting plugin NUTUnrealEngine4
LogPluginManager: Mounting plugin OnlineSubsystemGooglePlay
LogPluginManager: Mounting plugin OnlineSubsystemIOS
LogPluginManager: Mounting plugin OnlineSubsystem
LogPluginManager: Mounting plugin OnlineSubsystemNull
LogPluginManager: Mounting plugin OnlineSubsystemUtils
LogPluginManager: Mounting plugin LauncherChunkInstaller
LogPluginManager: Mounting plugin AndroidDeviceProfileSelector
LogPluginManager: Mounting plugin AndroidMoviePlayer
LogPluginManager: Mounting plugin AndroidPermission
LogPluginManager: Mounting plugin AppleMoviePlayer
LogPluginManager: Mounting plugin ArchVisCharacter
LogPluginManager: Mounting plugin AudioCapture
LogPluginManager: Mounting plugin CableComponent
LogPluginManager: Mounting plugin CustomMeshComponent
LogPluginManager: Mounting plugin EditableMesh
LogPluginManager: Mounting plugin ExampleDeviceProfileSelector
LogPluginManager: Mounting plugin Firebase
LogPluginManager: Mounting plugin GoogleCloudMessaging
LogPluginManager: Mounting plugin IOSDeviceProfileSelector
LogPluginManager: Mounting plugin LinuxDeviceProfileSelector
LogPluginManager: Mounting plugin LocationServicesBPLibrary
LogPluginManager: Mounting plugin MobilePatchingUtils
LogPluginManager: Mounting plugin OculusVR
LogPluginManager: Mounting plugin PhysXVehicles
LogPluginManager: Mounting plugin ProceduralMeshComponent
LogPluginManager: Mounting plugin RuntimePhysXCooking
LogPluginManager: Mounting plugin WebMMoviePlayer
LogPluginManager: Mounting plugin WindowsMoviePlayer
LogStreaming: Display: Took  0.084s to configure plugins.
LogInit: Using libcurl 7.55.1-DEV
LogInit:  - built for x86_64-pc-win32
LogInit:  - supports SSL with OpenSSL/1.0.2h
LogInit:  - supports HTTP deflate (compression) using libz 1.2.8
LogInit:  - other features:
LogInit:      CURL_VERSION_SSL
LogInit:      CURL_VERSION_LIBZ
LogInit:      CURL_VERSION_IPV6
LogInit:      CURL_VERSION_ASYNCHDNS
LogInit:      CURL_VERSION_LARGEFILE
LogInit:      CURL_VERSION_IDN
LogInit:  CurlRequestOptions (configurable via config and command line):
LogInit:  - bVerifyPeer = true  - Libcurl will verify peer certificate
LogInit:  - bUseHttpProxy = false  - Libcurl will NOT use HTTP proxy
LogInit:  - bDontReuseConnections = false  - Libcurl will reuse connections
LogInit:  - MaxHostConnections = 16  - Libcurl will limit the number of connections to a host
LogInit:  - LocalHostAddr = Default
LogInit:  - BufferSize = 65536
LogInit: WinSock: version 1.1 (2.2), MaxSocks=32767, MaxUdp=65467
LogHMD: Failed initializing OVRPlugin 1.28.0
LogInit: Build: ++UE4+Release-4.21-CL-4613538
LogInit: Engine Version: 4.21.1-4613538+++UE4+Release-4.21
LogInit: Compatible Engine Version: 4.21.0-4541578+++UE4+Release-4.21
LogInit: Net CL: 4541578
LogInit: OS: Windows 10 (), CPU: Intel(R) Core(TM) i7-6700K CPU @ 4.00GHz, GPU: NVIDIA GeForce GTX 980
LogInit: Compiled (64-bit): Nov 30 2018 04:13:25
LogInit: Compiled with Visual C++: 19.13.26129.00
LogInit: Build Configuration: Development
LogInit: Branch Name: ++UE4+Release-4.21
LogInit: Command Line:  /Game/FirstPersonBP/Maps/FirstPersonExampleMap -game -PIEVIACONSOLE -ResX=1280 -ResY=720 -Multiprocess -messaging -SessionName="Play in Standalone Game" -windowed
LogInit: Base Directory: C:/Program Files/Epic Games/UE_4.21/Engine/Binaries/Win64/
LogInit: Installed Engine Build: 1
LogDevObjectVersion: Number of dev versions registered: 22
LogDevObjectVersion:   Dev-Blueprints (B0D832E4-1F89-4F0D-ACCF-7EB736FD4AA2): 10
LogDevObjectVersion:   Dev-Build (E1C64328-A22C-4D53-A36C-8E866417BD8C): 0
LogDevObjectVersion:   Dev-Core (375EC13C-06E4-48FB-B500-84F0262A717E): 2
LogDevObjectVersion:   Dev-Editor (E4B068ED-F494-42E9-A231-DA0B2E46BB41): 26
LogDevObjectVersion:   Dev-Framework (CFFC743F-43B0-4480-9391-14DF171D2073): 34
LogDevObjectVersion:   Dev-Mobile (B02B49B5-BB20-44E9-A304-32B752E40360): 2
LogDevObjectVersion:   Dev-Networking (A4E4105C-59A1-49B5-A7C5-40C4547EDFEE): 0
LogDevObjectVersion:   Dev-Online (39C831C9-5AE6-47DC-9A44-9C173E1C8E7C): 0
LogDevObjectVersion:   Dev-Physics (78F01B33-EBEA-4F98-B9B4-84EACCB95AA2): 0
LogDevObjectVersion:   Dev-Platform (6631380F-2D4D-43E0-8009-CF276956A95A): 0
LogDevObjectVersion:   Dev-Rendering (12F88B9F-8875-4AFC-A67C-D90C383ABD29): 27
LogDevObjectVersion:   Dev-Sequencer (7B5AE74C-D270-4C10-A958-57980B212A5A): 9
LogDevObjectVersion:   Dev-VR (D7296918-1DD6-4BDD-9DE2-64A83CC13884): 2
LogDevObjectVersion:   Dev-LoadTimes (C2A15278-BFE7-4AFE-6C17-90FF531DF755): 1
LogDevObjectVersion:   Private-Geometry (6EACA3D4-40EC-4CC1-B786-8BED09428FC5): 3
LogDevObjectVersion:   Dev-AnimPhys (29E575DD-E0A3-4627-9D10-D276232CDCEA): 17
LogDevObjectVersion:   Dev-Anim (AF43A65D-7FD3-4947-9873-3E8ED9C1BB05): 2
LogDevObjectVersion:   Dev-ReflectionCapture (6B266CEC-1EC7-4B8F-A30B-E4D90942FC07): 1
LogDevObjectVersion:   Dev-Automation (0DF73D61-A23F-47EA-B727-89E90C41499A): 1
LogDevObjectVersion:   FortniteMain (601D1886-AC64-4F84-AA16-D3DE0DEAC7D6): 17
LogDevObjectVersion:   Dev-Enterprise (9DFFBCD6-494F-0158-E221-12823C92A888): 4
LogDevObjectVersion:   Dev-Niagara (F2AED0AC-9AFE-416F-8664-AA7FFA26D6FC): 1
LogStreaming: Display: Took  0.000s to delete old logs.
LogInit: Presizing for max 8388607 objects, including 0 objects not considered by GC, pre-allocating 0 bytes for permanent pool.
LogInit: Object subsystem initialized
LogConfig: Setting CVar [[con.DebugEarlyDefault:1]]
LogConfig: Setting CVar [[r.setres:1280x720]]
[2021.12.03-17.28.19:637][  0]LogConfig: Setting CVar [[con.DebugEarlyDefault:1]]
[2021.12.03-17.28.19:637][  0]LogConfig: Setting CVar [[r.setres:1280x720]]
[2021.12.03-17.28.19:637][  0]LogConfig: Applying CVar settings from Section [/Script/Engine.RendererSettings] File [C:/Users/Jono/Documents/Unreal Projects/FirstLook/Saved/Config/Windows/Engine.ini]
[2021.12.03-17.28.19:637][  0]LogConfig: Setting CVar [[r.GPUCrashDebugging:0]]
[2021.12.03-17.28.19:637][  0]LogConfig: Applying CVar settings from Section [/Script/Engine.RendererOverrideSettings] File [C:/Users/Jono/Documents/Unreal Projects/FirstLook/Saved/Config/Windows/Engine.ini]
[2021.12.03-17.28.19:637][  0]LogConfig: Applying CVar settings from Section [/Script/Engine.StreamingSettings] File [C:/Users/Jono/Documents/Unreal Projects/FirstLook/Saved/Config/Windows/Engine.ini]
[2021.12.03-17.28.19:637][  0]LogConfig: Setting CVar [[s.MinBulkDataSizeForAsyncLoading:131072]]
[2021.12.03-17.28.19:637][  0]LogConfig: Setting CVar [[s.AsyncLoadingThreadEnabled:0]]
[2021.12.03-17.28.19:637][  0]LogConfig: Setting CVar [[s.EventDrivenLoaderEnabled:1]]
[2021.12.03-17.28.19:637][  0]LogConfig: Setting CVar [[s.WarnIfTimeLimitExceeded:0]]
[2021.12.03-17.28.19:637][  0]LogConfig: Setting CVar [[s.TimeLimitExceededMultiplier:1.5]]
[2021.12.03-17.28.19:637][  0]LogConfig: Setting CVar [[s.TimeLimitExceededMinTime:0.005]]
[2021.12.03-17.28.19:637][  0]LogConfig: Setting CVar [[s.UseBackgroundLevelStreaming:1]]
[2021.12.03-17.28.19:637][  0]LogConfig: Setting CVar [[s.PriorityAsyncLoadingExtraTime:15.0]]
[2021.12.03-17.28.19:637][  0]LogConfig: Setting CVar [[s.LevelStreamingActorsUpdateTimeLimit:5.0]]
[2021.12.03-17.28.19:637][  0]LogConfig: Setting CVar [[s.PriorityLevelStreamingActorsUpdateExtraTime:5.0]]
[2021.12.03-17.28.19:637][  0]LogConfig: Setting CVar [[s.LevelStreamingComponentsRegistrationGranularity:10]]
[2021.12.03-17.28.19:637][  0]LogConfig: Setting CVar [[s.UnregisterComponentsTimeLimit:1.0]]
[2021.12.03-17.28.19:638][  0]LogConfig: Setting CVar [[s.LevelStreamingComponentsUnregistrationGranularity:5]]
[2021.12.03-17.28.19:638][  0]LogConfig: Applying CVar settings from Section [/Script/Engine.GarbageCollectionSettings] File [C:/Users/Jono/Documents/Unreal Projects/FirstLook/Saved/Config/Windows/Engine.ini]
[2021.12.03-17.28.19:638][  0]LogConfig: Setting CVar [[gc.MaxObjectsNotConsideredByGC:1]]
[2021.12.03-17.28.19:638][  0]LogConfig: Setting CVar [[gc.SizeOfPermanentObjectPool:0]]
[2021.12.03-17.28.19:638][  0]LogConfig: Setting CVar [[gc.FlushStreamingOnGC:0]]
[2021.12.03-17.28.19:638][  0]LogConfig: Setting CVar [[gc.NumRetriesBeforeForcingGC:10]]
[2021.12.03-17.28.19:638][  0]LogConfig: Setting CVar [[gc.AllowParallelGC:1]]
[2021.12.03-17.28.19:638][  0]LogConfig: Setting CVar [[gc.TimeBetweenPurgingPendingKillObjects:61.1]]
[2021.12.03-17.28.19:638][  0]LogConfig: Setting CVar [[gc.MaxObjectsInEditor:8388607]]
[2021.12.03-17.28.19:638][  0]LogConfig: Setting CVar [[gc.IncrementalBeginDestroyEnabled:1]]
[2021.12.03-17.28.19:638][  0]LogConfig: Setting CVar [[gc.CreateGCClusters:1]]
[2021.12.03-17.28.19:638][  0]LogConfig: Setting CVar [[gc.MergeGCClusters:0]]
[2021.12.03-17.28.19:638][  0]LogConfig: Setting CVar [[gc.MinGCClusterSize:5]]
[2021.12.03-17.28.19:638][  0]LogConfig: Setting CVar [[gc.ActorClusteringEnabled:0]]
[2021.12.03-17.28.19:638][  0]LogConfig: Setting CVar [[gc.BlueprintClusteringEnabled:0]]
[2021.12.03-17.28.19:638][  0]LogConfig: Setting CVar [[gc.UseDisregardForGCOnDedicatedServers:0]]
[2021.12.03-17.28.19:638][  0]LogConfig: Applying CVar settings from Section [/Script/Engine.NetworkSettings] File [C:/Users/Jono/Documents/Unreal Projects/FirstLook/Saved/Config/Windows/Engine.ini]
[2021.12.03-17.28.19:638][  0]LogConfig: Applying CVar settings from Section [/Script/UnrealEd.CookerSettings] File [C:/Users/Jono/Documents/Unreal Projects/FirstLook/Saved/Config/Windows/Engine.ini]
[2021.12.03-17.28.19:640][  0]LogConfig: Applying CVar settings from Section [ViewDistanceQuality@3] File [C:/Users/Jono/Documents/Unreal Projects/FirstLook/Saved/Config/Windows/Scalability.ini]
[2021.12.03-17.28.19:640][  0]LogConfig: Setting CVar [[r.SkeletalMeshLODBias:0]]
[2021.12.03-17.28.19:640][  0]LogConfig: Setting CVar [[r.ViewDistanceScale:1.0]]
[2021.12.03-17.28.19:640][  0]LogConfig: Applying CVar settings from Section [AntiAliasingQuality@3] File [C:/Users/Jono/Documents/Unreal Projects/FirstLook/Saved/Config/Windows/Scalability.ini]
[2021.12.03-17.28.19:640][  0]LogConfig: Setting CVar [[r.PostProcessAAQuality:4]]
[2021.12.03-17.28.19:640][  0]LogConfig: Applying CVar settings from Section [ShadowQuality@3] File [C:/Users/Jono/Documents/Unreal Projects/FirstLook/Saved/Config/Windows/Scalability.ini]
[2021.12.03-17.28.19:640][  0]LogConfig: Setting CVar [[r.LightFunctionQuality:1]]
[2021.12.03-17.28.19:640][  0]LogConfig: Setting CVar [[r.ShadowQuality:5]]
[2021.12.03-17.28.19:640][  0]LogConfig: Setting CVar [[r.Shadow.CSM.MaxCascades:10]]
[2021.12.03-17.28.19:640][  0]LogConfig: Setting CVar [[r.Shadow.MaxResolution:2048]]
[2021.12.03-17.28.19:640][  0]LogConfig: Setting CVar [[r.Shadow.MaxCSMResolution:2048]]
[2021.12.03-17.28.19:640][  0]LogConfig: Setting CVar [[r.Shadow.RadiusThreshold:0.01]]
[2021.12.03-17.28.19:640][  0]LogConfig: Setting CVar [[r.Shadow.DistanceScale:1.0]]
[2021.12.03-17.28.19:640][  0]LogConfig: Setting CVar [[r.Shadow.CSM.TransitionScale:1.0]]
[2021.12.03-17.28.19:640][  0]LogConfig: Setting CVar [[r.Shadow.PreShadowResolutionFactor:1.0]]
[2021.12.03-17.28.19:640][  0]LogConfig: Setting CVar [[r.DistanceFieldShadowing:1]]
[2021.12.03-17.28.19:640][  0]LogConfig: Setting CVar [[r.DistanceFieldAO:1]]
[2021.12.03-17.28.19:640][  0]LogConfig: Setting CVar [[r.AOQuality:2]]
[2021.12.03-17.28.19:640][  0]LogConfig: Setting CVar [[r.VolumetricFog:1]]
[2021.12.03-17.28.19:640][  0]LogConfig: Setting CVar [[r.VolumetricFog.GridPixelSize:8]]
[2021.12.03-17.28.19:640][  0]LogConfig: Setting CVar [[r.VolumetricFog.GridSizeZ:128]]
[2021.12.03-17.28.19:640][  0]LogConfig: Setting CVar [[r.VolumetricFog.HistoryMissSupersampleCount:4]]
[2021.12.03-17.28.19:640][  0]LogConfig: Setting CVar [[r.LightMaxDrawDistanceScale:1]]
[2021.12.03-17.28.19:640][  0]LogConfig: Setting CVar [[r.CapsuleShadows:1]]
[2021.12.03-17.28.19:640][  0]LogConfig: Applying CVar settings from Section [PostProcessQuality@3] File [C:/Users/Jono/Documents/Unreal Projects/FirstLook/Saved/Config/Windows/Scalability.ini]
[2021.12.03-17.28.19:640][  0]LogConfig: Setting CVar [[r.MotionBlurQuality:4]]
[2021.12.03-17.28.19:640][  0]LogConfig: Setting CVar [[r.AmbientOcclusionMipLevelFactor:0.4]]
[2021.12.03-17.28.19:640][  0]LogConfig: Setting CVar [[r.AmbientOcclusionMaxQuality:100]]
[2021.12.03-17.28.19:640][  0]LogConfig: Setting CVar [[r.AmbientOcclusionLevels:-1]]
[2021.12.03-17.28.19:641][  0]LogConfig: Setting CVar [[r.AmbientOcclusionRadiusScale:1.0]]
[2021.12.03-17.28.19:641][  0]LogConfig: Setting CVar [[r.DepthOfFieldQuality:2]]
[2021.12.03-17.28.19:641][  0]LogConfig: Setting CVar [[r.RenderTargetPoolMin:400]]
[2021.12.03-17.28.19:641][  0]LogConfig: Setting CVar [[r.LensFlareQuality:2]]
[2021.12.03-17.28.19:641][  0]LogConfig: Setting CVar [[r.SceneColorFringeQuality:1]]
[2021.12.03-17.28.19:641][  0]LogConfig: Setting CVar [[r.EyeAdaptationQuality:2]]
[2021.12.03-17.28.19:641][  0]LogConfig: Setting CVar [[r.BloomQuality:5]]
[2021.12.03-17.28.19:641][  0]LogConfig: Setting CVar [[r.FastBlurThreshold:100]]
[2021.12.03-17.28.19:641][  0]LogConfig: Setting CVar [[r.Upscale.Quality:3]]
[2021.12.03-17.28.19:641][  0]LogConfig: Setting CVar [[r.Tonemapper.GrainQuantization:1]]
[2021.12.03-17.28.19:641][  0]LogConfig: Setting CVar [[r.LightShaftQuality:1]]
[2021.12.03-17.28.19:641][  0]LogConfig: Setting CVar [[r.Filter.SizeScale:1]]
[2021.12.03-17.28.19:641][  0]LogConfig: Setting CVar [[r.Tonemapper.Quality:5]]
[2021.12.03-17.28.19:641][  0]LogConfig: Setting CVar [[r.DOF.Gather.AccumulatorQuality:1        ; higher gathering accumulator quality]]
[2021.12.03-17.28.19:641][  0]LogConfig: Setting CVar [[r.DOF.Gather.PostfilterMethod:1          ; Median3x3 postfilering method]]
[2021.12.03-17.28.19:641][  0]LogConfig: Setting CVar [[r.DOF.Gather.EnableBokehSettings:0       ; no bokeh simulation when gathering]]
[2021.12.03-17.28.19:641][  0]LogConfig: Setting CVar [[r.DOF.Gather.RingCount:4                 ; medium number of samples when gathering]]
[2021.12.03-17.28.19:641][  0]LogConfig: Setting CVar [[r.DOF.Scatter.ForegroundCompositing:1    ; additive foreground scattering]]
[2021.12.03-17.28.19:641][  0]LogConfig: Setting CVar [[r.DOF.Scatter.BackgroundCompositing:2    ; additive background scattering]]
[2021.12.03-17.28.19:641][  0]LogConfig: Setting CVar [[r.DOF.Scatter.EnableBokehSettings:1      ; bokeh simulation when scattering]]
[2021.12.03-17.28.19:641][  0]LogConfig: Setting CVar [[r.DOF.Scatter.MaxSpriteRatio:0.1         ; only a maximum of 10% of scattered bokeh]]
[2021.12.03-17.28.19:641][  0]LogConfig: Setting CVar [[r.DOF.Recombine.Quality:1                ; cheap slight out of focus]]
[2021.12.03-17.28.19:641][  0]LogConfig: Setting CVar [[r.DOF.Recombine.EnableBokehSettings:0    ; no bokeh simulation on slight out of focus]]
[2021.12.03-17.28.19:641][  0]LogConfig: Setting CVar [[r.DOF.TemporalAAQuality:1                ; more stable temporal accumulation]]
[2021.12.03-17.28.19:641][  0]LogConfig: Setting CVar [[r.DOF.Kernel.MaxForegroundRadius:0.025]]
[2021.12.03-17.28.19:641][  0]LogConfig: Setting CVar [[r.DOF.Kernel.MaxBackgroundRadius:0.025]]
[2021.12.03-17.28.19:641][  0]LogConfig: Applying CVar settings from Section [TextureQuality@3] File [C:/Users/Jono/Documents/Unreal Projects/FirstLook/Saved/Config/Windows/Scalability.ini]
[2021.12.03-17.28.19:641][  0]LogConfig: Setting CVar [[r.Streaming.MipBias:0]]
[2021.12.03-17.28.19:641][  0]LogConfig: Setting CVar [[r.Streaming.AmortizeCPUToGPUCopy:0]]
[2021.12.03-17.28.19:641][  0]LogConfig: Setting CVar [[r.Streaming.MaxNumTexturesToStreamPerFrame:0]]
[2021.12.03-17.28.19:641][  0]LogConfig: Setting CVar [[r.Streaming.Boost:1]]
[2021.12.03-17.28.19:641][  0]LogConfig: Setting CVar [[r.MaxAnisotropy:8]]
[2021.12.03-17.28.19:641][  0]LogConfig: Setting CVar [[r.Streaming.LimitPoolSizeToVRAM:0]]
[2021.12.03-17.28.19:641][  0]LogConfig: Setting CVar [[r.Streaming.PoolSize:1000]]
[2021.12.03-17.28.19:641][  0]LogConfig: Setting CVar [[r.Streaming.MaxEffectiveScreenSize:0]]
[2021.12.03-17.28.19:641][  0]LogConfig: Applying CVar settings from Section [EffectsQuality@3] File [C:/Users/Jono/Documents/Unreal Projects/FirstLook/Saved/Config/Windows/Scalability.ini]
[2021.12.03-17.28.19:641][  0]LogConfig: Setting CVar [[r.TranslucencyLightingVolumeDim:64]]
[2021.12.03-17.28.19:641][  0]LogConfig: Setting CVar [[r.RefractionQuality:2]]
[2021.12.03-17.28.19:641][  0]LogConfig: Setting CVar [[r.SSR.Quality:3]]
[2021.12.03-17.28.19:641][  0]LogConfig: Setting CVar [[r.SceneColorFormat:4]]
[2021.12.03-17.28.19:641][  0]LogConfig: Setting CVar [[r.DetailMode:2]]
[2021.12.03-17.28.19:642][  0]LogConfig: Setting CVar [[r.TranslucencyVolumeBlur:1]]
[2021.12.03-17.28.19:642][  0]LogConfig: Setting CVar [[r.MaterialQualityLevel:1 ; High quality]]
[2021.12.03-17.28.19:642][  0]LogConfig: Setting CVar [[r.SSS.Scale:1]]
[2021.12.03-17.28.19:642][  0]LogConfig: Setting CVar [[r.SSS.SampleSet:2]]
[2021.12.03-17.28.19:642][  0]LogConfig: Setting CVar [[r.SSS.Quality:1]]
[2021.12.03-17.28.19:642][  0]LogConfig: Setting CVar [[r.SSS.HalfRes:1]]
[2021.12.03-17.28.19:642][  0]LogConfig: Setting CVar [[r.EmitterSpawnRateScale:1.0]]
[2021.12.03-17.28.19:642][  0]LogConfig: Setting CVar [[r.ParticleLightQuality:2]]
[2021.12.03-17.28.19:642][  0]LogConfig: Applying CVar settings from Section [FoliageQuality@3] File [C:/Users/Jono/Documents/Unreal Projects/FirstLook/Saved/Config/Windows/Scalability.ini]
[2021.12.03-17.28.19:642][  0]LogConfig: Setting CVar [[foliage.DensityScale:1.0]]
[2021.12.03-17.28.19:642][  0]LogConfig: Setting CVar [[grass.DensityScale:1.0]]
[2021.12.03-17.28.19:642][  0]LogInit: Selected Device Profile: [Windows]
[2021.12.03-17.28.19:642][  0]LogInit: Applying CVar settings loaded from the selected device profile: [Windows]
[2021.12.03-17.28.19:646][  0]LogHAL: Display: Platform has ~ 16 GB [17113038848 / 17179869184 / 16], which maps to Larger [LargestMinGB=32, LargerMinGB=12, DefaultMinGB=8, SmallerMinGB=6, SmallestMinGB=0)
[2021.12.03-17.28.19:646][  0]LogConfig: Setting CVar [[r.Vulkan.UseRealUBs:1]]
[2021.12.03-17.28.19:646][  0]LogInit: Going up to parent DeviceProfile []
[2021.12.03-17.28.19:646][  0]LogConfig: Applying CVar settings from Section [ViewDistanceQuality@3] File [C:/Users/Jono/Documents/Unreal Projects/FirstLook/Saved/Config/Windows/Scalability.ini]
[2021.12.03-17.28.19:646][  0]LogConfig: Setting CVar [[r.SkeletalMeshLODBias:0]]
[2021.12.03-17.28.19:646][  0]LogConfig: Setting CVar [[r.ViewDistanceScale:1.0]]
[2021.12.03-17.28.19:646][  0]LogConfig: Applying CVar settings from Section [AntiAliasingQuality@3] File [C:/Users/Jono/Documents/Unreal Projects/FirstLook/Saved/Config/Windows/Scalability.ini]
[2021.12.03-17.28.19:646][  0]LogConfig: Setting CVar [[r.PostProcessAAQuality:4]]
[2021.12.03-17.28.19:646][  0]LogConfig: Applying CVar settings from Section [ShadowQuality@3] File [C:/Users/Jono/Documents/Unreal Projects/FirstLook/Saved/Config/Windows/Scalability.ini]
[2021.12.03-17.28.19:646][  0]LogConfig: Setting CVar [[r.LightFunctionQuality:1]]
[2021.12.03-17.28.19:646][  0]LogConfig: Setting CVar [[r.ShadowQuality:5]]
[2021.12.03-17.28.19:646][  0]LogConfig: Setting CVar [[r.Shadow.CSM.MaxCascades:10]]
[2021.12.03-17.28.19:646][  0]LogConfig: Setting CVar [[r.Shadow.MaxResolution:2048]]
[2021.12.03-17.28.19:646][  0]LogConfig: Setting CVar [[r.Shadow.MaxCSMResolution:2048]]
[2021.12.03-17.28.19:646][  0]LogConfig: Setting CVar [[r.Shadow.RadiusThreshold:0.01]]
[2021.12.03-17.28.19:646][  0]LogConfig: Setting CVar [[r.Shadow.DistanceScale:1.0]]
[2021.12.03-17.28.19:646][  0]LogConfig: Setting CVar [[r.Shadow.CSM.TransitionScale:1.0]]
[2021.12.03-17.28.19:646][  0]LogConfig: Setting CVar [[r.Shadow.PreShadowResolutionFactor:1.0]]
[2021.12.03-17.28.19:646][  0]LogConfig: Setting CVar [[r.DistanceFieldShadowing:1]]
[2021.12.03-17.28.19:646][  0]LogConfig: Setting CVar [[r.DistanceFieldAO:1]]
[2021.12.03-17.28.19:646][  0]LogConfig: Setting CVar [[r.AOQuality:2]]
[2021.12.03-17.28.19:646][  0]LogConfig: Setting CVar [[r.VolumetricFog:1]]
[2021.12.03-17.28.19:646][  0]LogConfig: Setting CVar [[r.VolumetricFog.GridPixelSize:8]]
[2021.12.03-17.28.19:646][  0]LogConfig: Setting CVar [[r.VolumetricFog.GridSizeZ:128]]
[2021.12.03-17.28.19:646][  0]LogConfig: Setting CVar [[r.VolumetricFog.HistoryMissSupersampleCount:4]]
[2021.12.03-17.28.19:646][  0]LogConfig: Setting CVar [[r.LightMaxDrawDistanceScale:1]]
[2021.12.03-17.28.19:646][  0]LogConfig: Setting CVar [[r.CapsuleShadows:1]]
[2021.12.03-17.28.19:646][  0]LogConfig: Applying CVar settings from Section [PostProcessQuality@3] File [C:/Users/Jono/Documents/Unreal Projects/FirstLook/Saved/Config/Windows/Scalability.ini]
[2021.12.03-17.28.19:646][  0]LogConfig: Setting CVar [[r.MotionBlurQuality:4]]
[2021.12.03-17.28.19:646][  0]LogConfig: Setting CVar [[r.AmbientOcclusionMipLevelFactor:0.4]]
[2021.12.03-17.28.19:646][  0]LogConfig: Setting CVar [[r.AmbientOcclusionMaxQuality:100]]
[2021.12.03-17.28.19:646][  0]LogConfig: Setting CVar [[r.AmbientOcclusionLevels:-1]]
[2021.12.03-17.28.19:646][  0]LogConfig: Setting CVar [[r.AmbientOcclusionRadiusScale:1.0]]
[2021.12.03-17.28.19:646][  0]LogConfig: Setting CVar [[r.DepthOfFieldQuality:2]]
[2021.12.03-17.28.19:646][  0]LogConfig: Setting CVar [[r.RenderTargetPoolMin:400]]
[2021.12.03-17.28.19:646][  0]LogConfig: Setting CVar [[r.LensFlareQuality:2]]
[2021.12.03-17.28.19:646][  0]LogConfig: Setting CVar [[r.SceneColorFringeQuality:1]]
[2021.12.03-17.28.19:646][  0]LogConfig: Setting CVar [[r.EyeAdaptationQuality:2]]
[2021.12.03-17.28.19:646][  0]LogConfig: Setting CVar [[r.BloomQuality:5]]
[2021.12.03-17.28.19:647][  0]LogConfig: Setting CVar [[r.FastBlurThreshold:100]]
[2021.12.03-17.28.19:647][  0]LogConfig: Setting CVar [[r.Upscale.Quality:3]]
[2021.12.03-17.28.19:647][  0]LogConfig: Setting CVar [[r.Tonemapper.GrainQuantization:1]]
[2021.12.03-17.28.19:647][  0]LogConfig: Setting CVar [[r.LightShaftQuality:1]]
[2021.12.03-17.28.19:647][  0]LogConfig: Setting CVar [[r.Filter.SizeScale:1]]
[2021.12.03-17.28.19:647][  0]LogConfig: Setting CVar [[r.Tonemapper.Quality:5]]
[2021.12.03-17.28.19:647][  0]LogConfig: Setting CVar [[r.DOF.Gather.AccumulatorQuality:1        ; higher gathering accumulator quality]]
[2021.12.03-17.28.19:647][  0]LogConfig: Setting CVar [[r.DOF.Gather.PostfilterMethod:1          ; Median3x3 postfilering method]]
[2021.12.03-17.28.19:647][  0]LogConfig: Setting CVar [[r.DOF.Gather.EnableBokehSettings:0       ; no bokeh simulation when gathering]]
[2021.12.03-17.28.19:647][  0]LogConfig: Setting CVar [[r.DOF.Gather.RingCount:4                 ; medium number of samples when gathering]]
[2021.12.03-17.28.19:647][  0]LogConfig: Setting CVar [[r.DOF.Scatter.ForegroundCompositing:1    ; additive foreground scattering]]
[2021.12.03-17.28.19:647][  0]LogConfig: Setting CVar [[r.DOF.Scatter.BackgroundCompositing:2    ; additive background scattering]]
[2021.12.03-17.28.19:647][  0]LogConfig: Setting CVar [[r.DOF.Scatter.EnableBokehSettings:1      ; bokeh simulation when scattering]]
[2021.12.03-17.28.19:647][  0]LogConfig: Setting CVar [[r.DOF.Scatter.MaxSpriteRatio:0.1         ; only a maximum of 10% of scattered bokeh]]
[2021.12.03-17.28.19:647][  0]LogConfig: Setting CVar [[r.DOF.Recombine.Quality:1                ; cheap slight out of focus]]
[2021.12.03-17.28.19:647][  0]LogConfig: Setting CVar [[r.DOF.Recombine.EnableBokehSettings:0    ; no bokeh simulation on slight out of focus]]
[2021.12.03-17.28.19:647][  0]LogConfig: Setting CVar [[r.DOF.TemporalAAQuality:1                ; more stable temporal accumulation]]
[2021.12.03-17.28.19:647][  0]LogConfig: Setting CVar [[r.DOF.Kernel.MaxForegroundRadius:0.025]]
[2021.12.03-17.28.19:647][  0]LogConfig: Setting CVar [[r.DOF.Kernel.MaxBackgroundRadius:0.025]]
[2021.12.03-17.28.19:647][  0]LogConfig: Applying CVar settings from Section [TextureQuality@3] File [C:/Users/Jono/Documents/Unreal Projects/FirstLook/Saved/Config/Windows/Scalability.ini]
[2021.12.03-17.28.19:647][  0]LogConfig: Setting CVar [[r.Streaming.MipBias:0]]
[2021.12.03-17.28.19:647][  0]LogConfig: Setting CVar [[r.Streaming.AmortizeCPUToGPUCopy:0]]
[2021.12.03-17.28.19:647][  0]LogConfig: Setting CVar [[r.Streaming.MaxNumTexturesToStreamPerFrame:0]]
[2021.12.03-17.28.19:647][  0]LogConfig: Setting CVar [[r.Streaming.Boost:1]]
[2021.12.03-17.28.19:647][  0]LogConfig: Setting CVar [[r.MaxAnisotropy:8]]
[2021.12.03-17.28.19:647][  0]LogConfig: Setting CVar [[r.Streaming.LimitPoolSizeToVRAM:0]]
[2021.12.03-17.28.19:647][  0]LogConfig: Setting CVar [[r.Streaming.PoolSize:1000]]
[2021.12.03-17.28.19:647][  0]LogConfig: Setting CVar [[r.Streaming.MaxEffectiveScreenSize:0]]
[2021.12.03-17.28.19:647][  0]LogConfig: Applying CVar settings from Section [EffectsQuality@3] File [C:/Users/Jono/Documents/Unreal Projects/FirstLook/Saved/Config/Windows/Scalability.ini]
[2021.12.03-17.28.19:647][  0]LogConfig: Setting CVar [[r.TranslucencyLightingVolumeDim:64]]
[2021.12.03-17.28.19:647][  0]LogConfig: Setting CVar [[r.RefractionQuality:2]]
[2021.12.03-17.28.19:647][  0]LogConfig: Setting CVar [[r.SSR.Quality:3]]
[2021.12.03-17.28.19:647][  0]LogConfig: Setting CVar [[r.SceneColorFormat:4]]
[2021.12.03-17.28.19:647][  0]LogConfig: Setting CVar [[r.DetailMode:2]]
[2021.12.03-17.28.19:647][  0]LogConfig: Setting CVar [[r.TranslucencyVolumeBlur:1]]
[2021.12.03-17.28.19:647][  0]LogConfig: Setting CVar [[r.MaterialQualityLevel:1 ; High quality]]
[2021.12.03-17.28.19:647][  0]LogConfig: Setting CVar [[r.SSS.Scale:1]]
[2021.12.03-17.28.19:647][  0]LogConfig: Setting CVar [[r.SSS.SampleSet:2]]
[2021.12.03-17.28.19:647][  0]LogConfig: Setting CVar [[r.SSS.Quality:1]]
[2021.12.03-17.28.19:647][  0]LogConfig: Setting CVar [[r.SSS.HalfRes:1]]
[2021.12.03-17.28.19:647][  0]LogConfig: Setting CVar [[r.EmitterSpawnRateScale:1.0]]
[2021.12.03-17.28.19:647][  0]LogConfig: Setting CVar [[r.ParticleLightQuality:2]]
[2021.12.03-17.28.19:647][  0]LogConfig: Applying CVar settings from Section [FoliageQuality@3] File [C:/Users/Jono/Documents/Unreal Projects/FirstLook/Saved/Config/Windows/Scalability.ini]
[2021.12.03-17.28.19:647][  0]LogConfig: Setting CVar [[foliage.DensityScale:1.0]]
[2021.12.03-17.28.19:647][  0]LogConfig: Setting CVar [[grass.DensityScale:1.0]]
[2021.12.03-17.28.19:647][  0]LogConfig: Applying CVar settings from Section [Startup] File [../../../Engine/Config/ConsoleVariables.ini]
[2021.12.03-17.28.19:647][  0]LogConfig: Setting CVar [[net.UseAdaptiveNetUpdateFrequency:0]]
[2021.12.03-17.28.19:647][  0]LogConfig: Applying CVar settings from Section [ConsoleVariables] File [C:/Users/Jono/Documents/Unreal Projects/FirstLook/Saved/Config/Windows/Engine.ini]
[2021.12.03-17.28.19:648][  0]LogInit: Computer: DESKTOP-GQFFNED
[2021.12.03-17.28.19:648][  0]LogInit: User: Jono
[2021.12.03-17.28.19:648][  0]LogInit: CPU Page size=4096, Cores=4
[2021.12.03-17.28.19:648][  0]LogInit: High frequency timer resolution =10.000000 MHz
[2021.12.03-17.28.19:648][  0]LogMemory: Memory total: Physical=15.9GB (16GB approx)
[2021.12.03-17.28.19:648][  0]LogMemory: Platform Memory Stats for Windows
[2021.12.03-17.28.19:648][  0]LogMemory: Process Physical Memory: 106.68 MB used, 106.68 MB peak
[2021.12.03-17.28.19:648][  0]LogMemory: Process Virtual Memory: 93.71 MB used, 93.71 MB peak
[2021.12.03-17.28.19:648][  0]LogMemory: Physical Memory: 9602.60 MB used,  6717.66 MB free, 16320.27 MB total
[2021.12.03-17.28.19:648][  0]LogMemory: Virtual Memory: 4654.55 MB used,  134213072.00 MB free, 134217728.00 MB total
[2021.12.03-17.28.19:664][  0]LogInit: Using OS detected language (en-US).
[2021.12.03-17.28.19:664][  0]LogInit: Using OS detected locale (en-GB).
[2021.12.03-17.28.19:664][  0]LogTextLocalizationManager: No specific localization for 'en-US' exists, so the 'en' localization will be used.
[2021.12.03-17.28.20:024][  0]LogStreaming: Display: Took  0.360s to InitEngineTextLocalization.
[2021.12.03-17.28.20:052][  0]LogSlate: New Slate User Created.  User Index 0, Is Virtual User: 0
[2021.12.03-17.28.20:052][  0]LogSlate: Slate User Registered.  User Index 0, Is Virtual User: 0
[2021.12.03-17.28.20:056][  0]LogD3D11RHI: D3D11 adapters:
[2021.12.03-17.28.20:129][  0]LogD3D11RHI:    0. 'NVIDIA GeForce GTX 980' (Feature Level 11_0)
[2021.12.03-17.28.20:129][  0]LogD3D11RHI:       4053/0/8160 MB DedicatedVideo/DedicatedSystem/SharedSystem, Outputs:1, VendorId:0x10de
[2021.12.03-17.28.20:132][  0]LogD3D11RHI:    1. 'Microsoft Basic Render Driver' (Feature Level 11_0)
[2021.12.03-17.28.20:132][  0]LogD3D11RHI:       0/0/8160 MB DedicatedVideo/DedicatedSystem/SharedSystem, Outputs:0, VendorId:0x1414
[2021.12.03-17.28.20:132][  0]LogD3D11RHI: Chosen D3D11 Adapter: 0
[2021.12.03-17.28.20:139][  0]LogD3D11RHI: Creating new Direct3DDevice
[2021.12.03-17.28.20:139][  0]LogD3D11RHI:     GPU DeviceId: 0x13c0 (for the marketing name, search the web for "GPU Device Id")
[2021.12.03-17.28.20:139][  0]LogWindows: EnumDisplayDevices:
[2021.12.03-17.28.20:139][  0]LogWindows:    0. 'NVIDIA GeForce GTX 980' (P:1 D:1)
[2021.12.03-17.28.20:140][  0]LogWindows:    1. 'NVIDIA GeForce GTX 980' (P:0 D:0)
[2021.12.03-17.28.20:140][  0]LogWindows:    2. 'NVIDIA GeForce GTX 980' (P:0 D:0)
[2021.12.03-17.28.20:140][  0]LogWindows:    3. 'NVIDIA GeForce GTX 980' (P:0 D:0)
[2021.12.03-17.28.20:140][  0]LogWindows: DebugString: FoundDriverCount:4 
[2021.12.03-17.28.20:140][  0]LogD3D11RHI:     Adapter Name: NVIDIA GeForce GTX 980
[2021.12.03-17.28.20:140][  0]LogD3D11RHI:   Driver Version: 456.71 (internal:27.21.14.5671, unified:456.71)
[2021.12.03-17.28.20:140][  0]LogD3D11RHI:      Driver Date: 9-30-2020
[2021.12.03-17.28.20:140][  0]LogRHI: Texture pool is 2837 MB (70% of 4053 MB)
[2021.12.03-17.28.20:199][  0]LogD3D11RHI: Async texture creation enabled
[2021.12.03-17.28.20:210][  0]LogD3D11RHI: GPU Timing Frequency: 1000.000000 (Debug: 2 1)
[2021.12.03-17.28.20:500][  0]LogTemp: Display: Loaded TP WindowsClientTargetPlatform
[2021.12.03-17.28.20:510][  0]LogTemp: Display: Loaded TP WindowsNoEditorTargetPlatform
[2021.12.03-17.28.20:521][  0]LogTemp: Display: Loaded TP WindowsServerTargetPlatform
[2021.12.03-17.28.20:532][  0]LogTemp: Display: Loaded TP WindowsTargetPlatform
[2021.12.03-17.28.20:532][  0]LogTargetPlatformManager: Display: Building Assets For Windows
[2021.12.03-17.28.20:584][  0]LogShaderCompilers: Guid format shader working directory is -19 characters bigger than the processId version (../../../../../../Users/Jono/Documents/Unreal Projects/FirstLook/Intermediate/Shaders/WorkingDirectory/8540/).
[2021.12.03-17.28.20:584][  0]LogShaderCompilers: Cleaned the shader compiler working directory 'C:/Users/Jono/AppData/Local/Temp/UnrealShaderWorkingDir/4AB2DE904EA3246441C569BC1EA70EE2/'.
[2021.12.03-17.28.20:586][  0]LogXGEController: Cannot use XGE Controller as Incredibuild is not installed on this machine.
[2021.12.03-17.28.20:586][  0]LogShaderCompilers: Cannot use XGE Shader Compiler as Incredibuild is not installed on this machine.
[2021.12.03-17.28.20:586][  0]LogShaderCompilers: Display: Using Local Shader Compiler.
[2021.12.03-17.28.21:020][  0]LogDerivedDataCache: Display: Max Cache Size: 512 MB
[2021.12.03-17.28.21:070][  0]LogDerivedDataCache: Loaded boot cache 0.05s 71MB C:/Users/Jono/AppData/Local/UnrealEngine/4.21/DerivedDataCache/Boot.ddc.
[2021.12.03-17.28.21:070][  0]LogDerivedDataCache: Display: Loaded Boot cache: C:/Users/Jono/AppData/Local/UnrealEngine/4.21/DerivedDataCache/Boot.ddc
[2021.12.03-17.28.21:070][  0]LogDerivedDataCache: FDerivedDataBackendGraph:  Pak pak cache file ../../../../../../Users/Jono/Documents/Unreal Projects/FirstLook/DerivedDataCache/DDC.ddp not found, will not use a pak cache.
[2021.12.03-17.28.21:070][  0]LogDerivedDataCache: Unable to find inner node Pak for hierarchical cache Hierarchy.
[2021.12.03-17.28.21:070][  0]LogDerivedDataCache: FDerivedDataBackendGraph:  CompressedPak pak cache file ../../../../../../Users/Jono/Documents/Unreal Projects/FirstLook/DerivedDataCache/Compressed.ddp not found, will not use a pak cache.
[2021.12.03-17.28.21:070][  0]LogDerivedDataCache: Unable to find inner node CompressedPak for hierarchical cache Hierarchy.
[2021.12.03-17.28.21:084][  0]LogDerivedDataCache: Display: Pak cache opened for reading ../../../Engine/DerivedDataCache/Compressed.ddp.
[2021.12.03-17.28.21:084][  0]LogDerivedDataCache: FDerivedDataBackendGraph:  EnterprisePak pak cache file ../../../Enterprise/DerivedDataCache/Compressed.ddp not found, will not use a pak cache.
[2021.12.03-17.28.21:084][  0]LogDerivedDataCache: Unable to find inner node EnterprisePak for hierarchical cache Hierarchy.
[2021.12.03-17.28.21:100][  0]LogDerivedDataCache: Using Local data cache path C:/Users/Jono/AppData/Local/UnrealEngine/Common/DerivedDataCache: Writable
[2021.12.03-17.28.21:100][  0]LogDerivedDataCache: Shared data cache path not found in *engine.ini, will not use an Shared cache.
[2021.12.03-17.28.21:100][  0]LogDerivedDataCache: Unable to find inner node Shared for hierarchical cache Hierarchy.
[2021.12.03-17.28.21:119][  0]LogMaterial: Verifying Global Shaders for PCD3D_SM5
[2021.12.03-17.28.21:121][  0]LogSlate: Using FreeType 2.6.0
[2021.12.03-17.28.21:121][  0]LogSlate: SlateFontServices - WITH_FREETYPE: 1, WITH_HARFBUZZ: 1
[2021.12.03-17.28.21:225][  0]LogInit: Using OS detected language (en-US).
[2021.12.03-17.28.21:225][  0]LogInit: Using OS detected locale (en-GB).
[2021.12.03-17.28.21:225][  0]LogTextLocalizationManager: No localization for 'en-US' exists, so 'en' will be used for the language.
[2021.12.03-17.28.21:225][  0]LogTextLocalizationManager: No localization for 'en-GB' exists, so 'en' will be used for the locale.
[2021.12.03-17.28.21:225][  0]LogSlate: FontCache flush requested. Reason: Culture for localization was changed
[2021.12.03-17.28.21:225][  0]LogSlate: FontCache flush requested. Reason: Culture for localization was changed
[2021.12.03-17.28.21:486][  0]LogStreaming: Display: Took  0.261s to InitGameTextLocalization.
[2021.12.03-17.28.21:492][  0]LogAssetRegistry: FAssetRegistry took 0.0031 seconds to start up
[2021.12.03-17.28.21:643][  0]LogPackageLocalizationCache: Processed 10 localized package path(s) for 1 prioritized culture(s) in 0.008570 seconds
[2021.12.03-17.28.21:750][  0]LogInit: Selected Device Profile: [Windows]
[2021.12.03-17.28.21:880][  0]LogSimplygon: Simplygon DLL not present - disabling.
[2021.12.03-17.28.21:883][  0]LogMeshReduction: Using SimplygonSwarm for distributed automatic mesh merging
[2021.12.03-17.28.21:883][  0]LogMeshReduction: Using ProxyLODMeshReduction for automatic mesh merging
[2021.12.03-17.28.21:883][  0]LogMeshReduction: Using QuadricMeshReduction for automatic static mesh reduction
[2021.12.03-17.28.21:883][  0]LogMeshReduction: No automatic skeletal mesh reduction module available
[2021.12.03-17.28.21:893][  0]LogNetVersion: FirstLook 1.0.0, NetCL: 4541578, EngineNetVer: 5, GameNetVer: 0 (Checksum: 673720491)
[2021.12.03-17.28.22:390][  0]LogMoviePlayer: Initializing movie player
[2021.12.03-17.28.22:485][  0]LogTcpMessaging: Initializing TcpMessaging bridge
[2021.12.03-17.28.22:497][  0]LogUdpMessaging: Initializing bridge on interface 0.0.0.0:0 to multicast group 230.0.0.1:6666.
[2021.12.03-17.28.22:576][  0]SourceControl: Source control is disabled
[2021.12.03-17.28.22:576][  0]SourceControl: Source control is disabled
[2021.12.03-17.28.22:577][  0]SourceControl: Source control is disabled
[2021.12.03-17.28.22:698][  0]LogAndroidPermission: UAndroidPermissionCallbackProxy::GetInstance
[2021.12.03-17.28.22:875][  0]LogOcInput: OculusInput pre-init called
[2021.12.03-17.28.22:883][  0]LogUObjectArray: 43188 objects as part of root set at end of initial load.
[2021.12.03-17.28.22:883][  0]LogUObjectAllocator: 7582808 out of 0 bytes used by permanent object pool.
[2021.12.03-17.28.22:883][  0]LogUObjectArray: CloseDisregardForGC: 0/0 objects in disregard for GC pool
[2021.12.03-17.28.23:002][  0]LogEngine: Initializing Engine...
[2021.12.03-17.28.23:014][  0]LogStats: UGameplayTagsManager::ConstructGameplayTagTree: ImportINI prefixes -  0.000 s
[2021.12.03-17.28.23:014][  0]LogStats: UGameplayTagsManager::ConstructGameplayTagTree: Construct from data asset -  0.000 s
[2021.12.03-17.28.23:014][  0]LogStats: UGameplayTagsManager::ConstructGameplayTagTree: ImportINI -  0.000 s
[2021.12.03-17.28.23:014][  0]LogStats: UGameplayTagsManager::ConstructGameplayTagTree: GameplayTagTreeChangedEvent.Broadcast -  0.000 s
[2021.12.03-17.28.23:160][  0]LogInit: Initializing FReadOnlyCVARCache
[2021.12.03-17.28.23:221][  0]LogInit: XAudio2 using 'Speakers (Realtek High Definition Audio)' : 2 channels at 48 kHz using 32 bits per sample (channel mask 0x3)
[2021.12.03-17.28.23:246][  0]LogInit: FAudioDevice initialized.
[2021.12.03-17.28.23:258][  0]LogNetVersion: Set ProjectVersion to 1.0.0.0. Version Checksum will be recalculated on next use.
[2021.12.03-17.28.23:263][  0]LogInit: Texture streaming: Enabled
[2021.12.03-17.28.23:389][  0]LogSlate: Updating window title bar state: overlay mode, drag disabled, window buttons hidden, title bar hidden
[2021.12.03-17.28.23:389][  0]LogInit: Display: Game Engine Initialized.
[2021.12.03-17.28.23:389][  0]LogGameplayTags: Display: UGameplayTagsManager::DoneAddingNativeTags. DelegateIsBound: 0
[2021.12.03-17.28.23:389][  0]LogStats: UGameplayTagsManager::ConstructGameplayTagTree: ImportINI prefixes -  0.000 s
[2021.12.03-17.28.23:389][  0]LogStats: UGameplayTagsManager::ConstructGameplayTagTree: Construct from data asset -  0.000 s
[2021.12.03-17.28.23:389][  0]LogStats: UGameplayTagsManager::ConstructGameplayTagTree: ImportINI -  0.000 s
[2021.12.03-17.28.23:389][  0]LogStats: UGameplayTagsManager::ConstructGameplayTagTree: GameplayTagTreeChangedEvent.Broadcast -  0.000 s
[2021.12.03-17.28.23:402][  0]LogInit: Display: Starting Game.
[2021.12.03-17.28.23:402][  0]LogNet: Browse: /Game/FirstPersonBP/Maps/FirstPersonExampleMap?Name=Player
[2021.12.03-17.28.23:402][  0]LogLoad: LoadMap: /Game/FirstPersonBP/Maps/FirstPersonExampleMap?Name=Player
[2021.12.03-17.28.23:675][  0]LogAIModule: Creating AISystem for world FirstPersonExampleMap
[2021.12.03-17.28.23:675][  0]LogLoad: Game class is 'FirstPersonGameMode_C'
[2021.12.03-17.28.23:682][  0]LogWorld: Bringing World /Game/FirstPersonBP/Maps/FirstPersonExampleMap.FirstPersonExampleMap up for play (max tick rate 0) at 2021.12.03-17.28.23
[2021.12.03-17.28.23:683][  0]LogWorld: Bringing up level for play took: 0.006569
[2021.12.03-17.28.23:687][  0]LogLoad: Took 0.285284 seconds to LoadMap(/Game/FirstPersonBP/Maps/FirstPersonExampleMap)
[2021.12.03-17.28.23:735][  0]LogRenderer: Reallocating scene render targets to support 1280x720 Format 10 NumSamples 1 (Frame:1).
[2021.12.03-17.28.23:735][  0]LogLoad: (Engine Initialization) Total time: 6.50 seconds
[2021.12.03-17.28.23:735][  0]LogLoad: (Engine Initialization) Total Blueprint compile time: 0.00 seconds
[2021.12.03-17.28.23:772][  0]LogContentStreaming: Texture pool size now 1000 MB
[2021.12.03-17.28.34:195][630]LogSlate: Window 'FirstLook (64-bit Development PCD3D_SM5) ' being destroyed
[2021.12.03-17.28.34:196][630]LogWindowsTextInputMethodSystem: Display: IME system now deactivated.
[2021.12.03-17.28.34:199][630]LogSlate: Updating window title bar state: overlay mode, drag disabled, window buttons hidden, title bar hidden
[2021.12.03-17.28.34:199][630]LogEngine: All Windows Closed
[2021.12.03-17.28.34:199][630]LogWindows: FPlatformMisc::RequestExit(0)
[2021.12.03-17.28.35:012][631]LogExit: Preparing to exit.
[2021.12.03-17.28.35:012][631]LogMoviePlayer: Shutting down movie player
[2021.12.03-17.28.35:515][631]LogSlate: Updating window title bar state: overlay mode, drag disabled, window buttons hidden, title bar hidden
[2021.12.03-17.28.35:527][631]LogExit: Game engine shut down
[2021.12.03-17.28.35:571][631]LogExit: Object subsystem successfully closed.
[2021.12.03-17.28.35:590][631]LogShaderCompilers: Display: Shaders left to compile 0
[2021.12.03-17.28.35:592][631]LogD3D11RHI: Shutdown
[2021.12.03-17.28.35:592][631]LogD3D11RHI: CleanupD3DDevice
[2021.12.03-17.28.35:594][631]LogD3D11RHI: ~FD3D11DynamicRHI
[2021.12.03-17.28.35:613][631]LogModuleManager: Shutting down and abandoning module SequenceRecorderSections (378)
[2021.12.03-17.28.35:613][631]LogModuleManager: Shutting down and abandoning module SequenceRecorder (376)
[2021.12.03-17.28.35:613][631]LogModuleManager: Shutting down and abandoning module AutomationController (374)
[2021.12.03-17.28.35:613][631]LogModuleManager: Shutting down and abandoning module AutomationWorker (372)
[2021.12.03-17.28.35:613][631]LogModuleManager: Shutting down and abandoning module Voice (370)
[2021.12.03-17.28.35:613][631]LogModuleManager: Shutting down and abandoning module AIModule (368)
[2021.12.03-17.28.35:613][631]LogModuleManager: Shutting down and abandoning module GameplayDebugger (367)
[2021.12.03-17.28.35:613][631]LogModuleManager: Shutting down and abandoning module AITestSuite (365)
[2021.12.03-17.28.35:613][631]LogModuleManager: Shutting down and abandoning module NavigationSystem (363)
[2021.12.03-17.28.35:613][631]LogModuleManager: Shutting down and abandoning module WmfMediaFactory (360)
[2021.12.03-17.28.35:613][631]LogModuleManager: Shutting down and abandoning module WebMMediaFactory (358)
[2021.12.03-17.28.35:613][631]LogModuleManager: Shutting down and abandoning module WebMMedia (356)
[2021.12.03-17.28.35:613][631]LogModuleManager: Shutting down and abandoning module OpenExrWrapper (354)
[2021.12.03-17.28.35:613][631]LogModuleManager: Shutting down and abandoning module ImgMediaFactory (352)
[2021.12.03-17.28.35:613][631]LogModuleManager: Shutting down and abandoning module AvfMediaFactory (350)
[2021.12.03-17.28.35:613][631]LogModuleManager: Shutting down and abandoning module MagicLeapCameraPreviewFactory (348)
[2021.12.03-17.28.35:613][631]LogModuleManager: Shutting down and abandoning module MagicLeapMediaFactory (346)
[2021.12.03-17.28.35:613][631]LogModuleManager: Shutting down and abandoning module CharacterAI (344)
[2021.12.03-17.28.35:613][631]LogModuleManager: Shutting down and abandoning module SessionServices (342)
[2021.12.03-17.28.35:613][631]LogModuleManager: Shutting down and abandoning module MovieSceneCapture (340)
[2021.12.03-17.28.35:613][631]LogModuleManager: Shutting down and abandoning module MovieSceneTracks (338)
[2021.12.03-17.28.35:613][631]LogModuleManager: Shutting down and abandoning module MovieScene (336)
[2021.12.03-17.28.35:613][631]LogModuleManager: Shutting down and abandoning module StreamingPauseRendering (334)
[2021.12.03-17.28.35:613][631]LogModuleManager: Shutting down and abandoning module PortalServices (332)
[2021.12.03-17.28.35:613][631]LogModuleManager: Shutting down and abandoning module PortalRpc (330)
[2021.12.03-17.28.35:613][631]LogModuleManager: Shutting down and abandoning module MessagingRpc (328)
[2021.12.03-17.28.35:613][631]LogModuleManager: Shutting down and abandoning module ImageWriteQueue (326)
[2021.12.03-17.28.35:615][631]LogModuleManager: Shutting down and abandoning module ProfilerService (324)
[2021.12.03-17.28.35:663][631]LogModuleManager: Shutting down and abandoning module TaskGraph (322)
[2021.12.03-17.28.35:663][631]LogModuleManager: Shutting down and abandoning module ProceduralMeshComponent (320)
[2021.12.03-17.28.35:663][631]LogModuleManager: Shutting down and abandoning module OculusInput (318)
[2021.12.03-17.28.35:663][631]LogModuleManager: Shutting down and abandoning module MobilePatchingUtils (316)
[2021.12.03-17.28.35:663][631]LogModuleManager: Shutting down and abandoning module EditableMesh (314)
[2021.12.03-17.28.35:663][631]LogModuleManager: Shutting down and abandoning module CustomMeshComponent (312)
[2021.12.03-17.28.35:663][631]LogModuleManager: Shutting down and abandoning module CableComponent (310)
[2021.12.03-17.28.35:663][631]LogModuleManager: Shutting down and abandoning module AudioCapture (308)
[2021.12.03-17.28.35:663][631]LogModuleManager: Shutting down and abandoning module ArchVisCharacter (306)
[2021.12.03-17.28.35:663][631]LogModuleManager: Shutting down and abandoning module AndroidPermission (304)
[2021.12.03-17.28.35:663][631]LogModuleManager: Shutting down and abandoning module NUTUnrealEngine4 (302)
[2021.12.03-17.28.35:663][631]LogModuleManager: Shutting down and abandoning module NetcodeUnitTest (300)
[2021.12.03-17.28.35:663][631]LogModuleManager: Shutting down and abandoning module MediaCompositing (298)
[2021.12.03-17.28.35:663][631]LogModuleManager: Shutting down and abandoning module LinearTimecode (296)
[2021.12.03-17.28.35:663][631]LogModuleManager: Shutting down and abandoning module ImgMedia (294)
[2021.12.03-17.28.35:666][631]LogModuleManager: Shutting down and abandoning module HTML5Networking (292)
[2021.12.03-17.28.35:666][631]LogModuleManager: Shutting down and abandoning module GeometryCacheTracks (290)
[2021.12.03-17.28.35:666][631]LogModuleManager: Shutting down and abandoning module GeometryCacheSequencer (289)
[2021.12.03-17.28.35:666][631]LogModuleManager: Shutting down and abandoning module GeometryCache (286)
[2021.12.03-17.28.35:666][631]LogModuleManager: Shutting down and abandoning module GeometryCacheEd (285)
[2021.12.03-17.28.35:666][631]LogModuleManager: Shutting down and abandoning module BackChannel (282)
[2021.12.03-17.28.35:666][631]LogModuleManager: Shutting down and abandoning module AppleVision (280)
[2021.12.03-17.28.35:666][631]LogModuleManager: Shutting down and abandoning module AppleImageUtilsBlueprintSupport (278)
[2021.12.03-17.28.35:666][631]LogModuleManager: Shutting down and abandoning module AppleImageUtils (276)
[2021.12.03-17.28.35:666][631]LogModuleManager: Shutting down and abandoning module VariantManagerContent (274)
[2021.12.03-17.28.35:666][631]LogModuleManager: Shutting down and abandoning module CryptoKeysOpenSSL (272)
[2021.12.03-17.28.35:666][631]LogModuleManager: Shutting down and abandoning module CryptoKeys (270)
[2021.12.03-17.28.35:666][631]LogModuleManager: Shutting down and abandoning module VisualStudioSourceCodeAccess (268)
[2021.12.03-17.28.35:666][631]LogModuleManager: Shutting down and abandoning module HotReload (267)
[2021.12.03-17.28.35:666][631]LogModuleManager: Shutting down and abandoning module DirectoryWatcher (266)
[2021.12.03-17.28.35:666][631]LogModuleManager: Shutting down and abandoning module VisualStudioCodeSourceCodeAccess (262)
[2021.12.03-17.28.35:666][631]LogModuleManager: Shutting down and abandoning module UObjectPlugin (260)
[2021.12.03-17.28.35:666][631]LogModuleManager: Shutting down and abandoning module SubversionSourceControl (258)
[2021.12.03-17.28.35:666][631]LogModuleManager: Shutting down and abandoning module PerforceSourceControl (256)
[2021.12.03-17.28.35:666][631]LogModuleManager: Shutting down and abandoning module SourceControl (255)
[2021.12.03-17.28.35:666][631]LogModuleManager: Shutting down and abandoning module CLionSourceCodeAccess (252)
[2021.12.03-17.28.35:666][631]LogModuleManager: Shutting down and abandoning module ActorLayerUtilities (250)
[2021.12.03-17.28.35:666][631]LogModuleManager: Shutting down and abandoning module RuntimePhysXCooking (248)
[2021.12.03-17.28.35:666][631]LogModuleManager: Shutting down and abandoning module PhysXVehiclesEditor (246)
[2021.12.03-17.28.35:666][631]LogModuleManager: Shutting down and abandoning module PhysXVehicles (244)
[2021.12.03-17.28.35:666][631]LogModuleManager: Shutting down and abandoning module LocationServicesBPLibrary (242)
[2021.12.03-17.28.35:666][631]LogModuleManager: Shutting down and abandoning module ActorSequence (240)
[2021.12.03-17.28.35:666][631]LogModuleManager: Shutting down and abandoning module UdpMessaging (238)
[2021.12.03-17.28.35:768][631]LogModuleManager: Shutting down and abandoning module TcpMessaging (236)
[2021.12.03-17.28.36:493][631]LogModuleManager: Shutting down and abandoning module MagicLeapAudio (234)
[2021.12.03-17.28.36:493][631]LogModuleManager: Shutting down and abandoning module GameplayTagsEditor (232)
[2021.12.03-17.28.36:493][631]LogModuleManager: Shutting down and abandoning module FacialAnimation (230)
[2021.12.03-17.28.36:493][631]LogModuleManager: Shutting down and abandoning module DataValidation (228)
[2021.12.03-17.28.36:493][631]LogModuleManager: Shutting down and abandoning module AssetManagerEditor (226)
[2021.12.03-17.28.36:493][631]LogModuleManager: Shutting down and abandoning module TreeMap (225)
[2021.12.03-17.28.36:493][631]LogModuleManager: Shutting down and abandoning module LightPropagationVolumeRuntime (222)
[2021.12.03-17.28.36:493][631]LogModuleManager: Shutting down and abandoning module AISupportModule (220)
[2021.12.03-17.28.36:493][631]LogModuleManager: Shutting down and abandoning module Paper2D (218)
[2021.12.03-17.28.36:493][631]LogModuleManager: Shutting down and abandoning module WindowsMoviePlayer (216)
[2021.12.03-17.28.36:493][631]LogModuleManager: Shutting down and abandoning module WebMMoviePlayer (214)
[2021.12.03-17.28.36:493][631]LogModuleManager: Shutting down and abandoning module WmfMedia (212)
[2021.12.03-17.28.36:494][631]LogModuleManager: Shutting down and abandoning module Media (211)
[2021.12.03-17.28.36:500][631]LogModuleManager: Shutting down and abandoning module PacketHandler (208)
[2021.12.03-17.28.36:500][631]LogModuleManager: Shutting down and abandoning module ClothingSystemEditor (206)
[2021.12.03-17.28.36:500][631]LogModuleManager: Shutting down and abandoning module ClothingSystemRuntime (204)
[2021.12.03-17.28.36:500][631]LogModuleManager: Shutting down and abandoning module MediaAssets (202)
[2021.12.03-17.28.36:500][631]LogModuleManager: Shutting down and abandoning module Overlay (200)
[2021.12.03-17.28.36:500][631]LogModuleManager: Shutting down and abandoning module OverlayEditor (199)
[2021.12.03-17.28.36:500][631]LogModuleManager: Shutting down and abandoning module VREditor (196)
[2021.12.03-17.28.36:500][631]LogModuleManager: Shutting down and abandoning module StringTableEditor (194)
[2021.12.03-17.28.36:500][631]LogModuleManager: Shutting down and abandoning module GameplayTasksEditor (192)
[2021.12.03-17.28.36:500][631]LogModuleManager: Shutting down and abandoning module BehaviorTreeEditor (190)
[2021.12.03-17.28.36:500][631]LogModuleManager: Shutting down and abandoning module FunctionalTesting (188)
[2021.12.03-17.28.36:500][631]LogModuleManager: Shutting down and abandoning module CollisionAnalyzer (186)
[2021.12.03-17.28.36:500][631]LogModuleManager: Shutting down and abandoning module WorkspaceMenuStructure (185)
[2021.12.03-17.28.36:500][631]LogModuleManager: Shutting down and abandoning module UMG (182)
[2021.12.03-17.28.36:500][631]LogModuleManager: Shutting down and abandoning module UMGEditor (181)
[2021.12.03-17.28.36:500][631]LogModuleManager: Shutting down and abandoning module Sequencer (180)
[2021.12.03-17.28.36:500][631]LogModuleManager: Shutting down and abandoning module MessageLog (177)
[2021.12.03-17.28.36:500][631]LogModuleManager: Shutting down and abandoning module SlateReflector (172)
[2021.12.03-17.28.36:500][631]LogModuleManager: Shutting down and abandoning module Slate (170)
[2021.12.03-17.28.36:500][631]LogModuleManager: Shutting down and abandoning module EditorStyle (168)
[2021.12.03-17.28.36:501][631]LogModuleManager: Shutting down and abandoning module MRMesh (166)
[2021.12.03-17.28.36:501][631]LogModuleManager: Shutting down and abandoning module Messaging (164)
[2021.12.03-17.28.36:502][631]LogModuleManager: Shutting down and abandoning module SourceCodeAccess (162)
[2021.12.03-17.28.36:502][631]LogModuleManager: Shutting down and abandoning module HeadMountedDisplay (160)
[2021.12.03-17.28.36:502][631]LogModuleManager: Shutting down and abandoning module XAudio2 (158)
[2021.12.03-17.28.36:502][631]LogModuleManager: Shutting down and abandoning module Networking (156)
[2021.12.03-17.28.36:502][631]LogModuleManager: Shutting down and abandoning module Core (154)
[2021.12.03-17.28.36:502][631]LogModuleManager: Shutting down and abandoning module LevelSequence (152)
[2021.12.03-17.28.36:502][631]LogModuleManager: Shutting down and abandoning module KismetCompiler (150)
[2021.12.03-17.28.36:502][631]LogModuleManager: Shutting down and abandoning module MeshUtilities (148)
[2021.12.03-17.28.36:502][631]LogModuleManager: Shutting down and abandoning module MeshMergeUtilities (147)
[2021.12.03-17.28.36:502][631]LogModuleManager: Shutting down and abandoning module MeshReductionInterface (146)
[2021.12.03-17.28.36:502][631]LogModuleManager: Shutting down and abandoning module SimplygonSwarm (145)
[2021.12.03-17.28.36:502][631]LogModuleManager: Shutting down and abandoning module ProxyLODMeshReduction (143)
[2021.12.03-17.28.36:502][631]LogModuleManager: Shutting down and abandoning module SimplygonMeshReduction (141)
[2021.12.03-17.28.36:502][631]LogModuleManager: Shutting down and abandoning module QuadricMeshReduction (139)
[2021.12.03-17.28.36:502][631]LogModuleManager: Shutting down and abandoning module MaterialBaking (135)
[2021.12.03-17.28.36:502][631]LogModuleManager: Shutting down and abandoning module PIEPreviewDeviceProfileSelector (130)
[2021.12.03-17.28.36:502][631]LogModuleManager: Shutting down and abandoning module DerivedDataCache (128)
[2021.12.03-17.28.36:607][631]LogDerivedDataCache: Shutdown
[2021.12.03-17.28.36:607][631]LogModuleManager: Shutting down and abandoning module XGEController (126)
[2021.12.03-17.28.36:607][631]LogModuleManager: Shutting down and abandoning module TargetPlatform (124)
[2021.12.03-17.28.36:607][631]LogModuleManager: Shutting down and abandoning module VulkanShaderFormat (123)
[2021.12.03-17.28.36:607][631]LogModuleManager: Shutting down and abandoning module ShaderFormatVectorVM (121)
[2021.12.03-17.28.36:607][631]LogModuleManager: Shutting down and abandoning module ShaderFormatOpenGL (119)
[2021.12.03-17.28.36:607][631]LogModuleManager: Shutting down and abandoning module ShaderFormatD3D (117)
[2021.12.03-17.28.36:607][631]LogModuleManager: Shutting down and abandoning module MetalShaderFormat (115)
[2021.12.03-17.28.36:607][631]LogModuleManager: Shutting down and abandoning module TextureFormatUncompressed (113)
[2021.12.03-17.28.36:607][631]LogModuleManager: Shutting down and abandoning module TextureFormatPVR (111)
[2021.12.03-17.28.36:607][631]LogModuleManager: Shutting down and abandoning module TextureFormatDXT (109)
[2021.12.03-17.28.36:607][631]LogModuleManager: Shutting down and abandoning module TextureFormatIntelISPCTexComp (107)
[2021.12.03-17.28.36:608][631]LogModuleManager: Shutting down and abandoning module TextureFormatASTC (105)
[2021.12.03-17.28.36:608][631]LogModuleManager: Shutting down and abandoning module ImageWrapper (104)
[2021.12.03-17.28.36:608][631]LogModuleManager: Shutting down and abandoning module TextureFormatAndroid (101)
[2021.12.03-17.28.36:608][631]LogModuleManager: Shutting down and abandoning module AudioFormatOpus (99)
[2021.12.03-17.28.36:608][631]LogModuleManager: Shutting down and abandoning module AudioFormatOgg (97)
[2021.12.03-17.28.36:608][631]LogModuleManager: Shutting down and abandoning module AudioFormatADPCM (95)
[2021.12.03-17.28.36:608][631]LogModuleManager: Shutting down and abandoning module WindowsTargetPlatform (93)
[2021.12.03-17.28.36:608][631]LogModuleManager: Shutting down and abandoning module WindowsServerTargetPlatform (91)
[2021.12.03-17.28.36:608][631]LogModuleManager: Shutting down and abandoning module WindowsNoEditorTargetPlatform (89)
[2021.12.03-17.28.36:608][631]LogModuleManager: Shutting down and abandoning module WindowsClientTargetPlatform (87)
[2021.12.03-17.28.36:608][631]LogModuleManager: Shutting down and abandoning module InputCore (84)
[2021.12.03-17.28.36:608][631]LogModuleManager: Shutting down and abandoning module Settings (82)
[2021.12.03-17.28.36:608][631]LogModuleManager: Shutting down and abandoning module PhysXCooking (80)
[2021.12.03-17.28.36:608][631]LogModuleManager: Shutting down and abandoning module OculusHMD (78)
[2021.12.03-17.28.36:608][631]LogModuleManager: Shutting down and abandoning module ExampleDeviceProfileSelector (76)
[2021.12.03-17.28.36:608][631]LogModuleManager: Shutting down and abandoning module LauncherChunkInstaller (74)
[2021.12.03-17.28.36:608][631]LogModuleManager: Shutting down and abandoning module OnlineBlueprintSupport (72)
[2021.12.03-17.28.36:608][631]LogModuleManager: Shutting down and abandoning module OnlineSubsystem (68)
[2021.12.03-17.28.36:608][631]LogModuleManager: Shutting down and abandoning module XMPP (63)
[2021.12.03-17.28.36:609][631]LogModuleManager: Shutting down and abandoning module WebSockets (62)
[2021.12.03-17.28.36:641][631]LogModuleManager: Shutting down and abandoning module HTTP (59)
[2021.12.03-17.28.36:675][631]LogModuleManager: Shutting down and abandoning module SSL (58)
[2021.12.03-17.28.36:676][631]LogModuleManager: Shutting down and abandoning module MagicLeapIdentity (54)
[2021.12.03-17.28.36:676][631]LogModuleManager: Shutting down and abandoning module MagicLeapHelperVulkan (52)
[2021.12.03-17.28.36:676][631]LogModuleManager: Shutting down and abandoning module MagicLeapHelperOpenGL (50)
[2021.12.03-17.28.36:676][631]LogModuleManager: Shutting down and abandoning module MagicLeapSecureStorage (48)
[2021.12.03-17.28.36:676][631]LogModuleManager: Shutting down and abandoning module MagicLeapHandTracking (46)
[2021.12.03-17.28.36:676][631]LogModuleManager: Shutting down and abandoning module MagicLeapEyeTracker (44)
[2021.12.03-17.28.36:676][631]LogModuleManager: Shutting down and abandoning module MagicLeapController (42)
[2021.12.03-17.28.36:676][631]LogSlate: Slate User Destroyed.  User Index 0, Is Virtual User: 0
[2021.12.03-17.28.36:676][631]LogModuleManager: Shutting down and abandoning module MagicLeap (40)
[2021.12.03-17.28.36:676][631]LogModuleManager: Shutting down and abandoning module DatasmithContent (38)
[2021.12.03-17.28.36:677][631]LogModuleManager: Shutting down and abandoning module AnimationModifiers (36)
[2021.12.03-17.28.36:677][631]LogModuleManager: Shutting down and abandoning module PropertyEditor (35)
[2021.12.03-17.28.36:677][631]LogModuleManager: Shutting down and abandoning module AudioEditor (32)
[2021.12.03-17.28.36:677][631]LogModuleManager: Shutting down and abandoning module TextureCompressor (30)
[2021.12.03-17.28.36:677][631]LogModuleManager: Shutting down and abandoning module ShaderCore (28)
[2021.12.03-17.28.36:677][631]LogModuleManager: Shutting down and abandoning module Landscape (26)
[2021.12.03-17.28.36:677][631]LogModuleManager: Shutting down and abandoning module SlateRHIRenderer (24)
[2021.12.03-17.28.36:677][631]LogModuleManager: Shutting down and abandoning module OpenGLDrv (22)
[2021.12.03-17.28.36:677][631]LogModuleManager: Shutting down and abandoning module D3D11RHI (20)
[2021.12.03-17.28.36:677][631]LogModuleManager: Shutting down and abandoning module AnimGraphRuntime (18)
[2021.12.03-17.28.36:677][631]LogModuleManager: Shutting down and abandoning module Renderer (16)
[2021.12.03-17.28.36:677][631]LogModuleManager: Shutting down and abandoning module Engine (14)
[2021.12.03-17.28.36:677][631]LogModuleManager: Shutting down and abandoning module CoreUObject (12)
[2021.12.03-17.28.36:677][631]LogModuleManager: Shutting down and abandoning module NetworkFile (10)
[2021.12.03-17.28.36:677][631]LogModuleManager: Shutting down and abandoning module CookedIterativeFile (8)
[2021.12.03-17.28.36:677][631]LogModuleManager: Shutting down and abandoning module StreamingFile (6)
[2021.12.03-17.28.36:677][631]LogModuleManager: Shutting down and abandoning module SandboxFile (4)
[2021.12.03-17.28.36:677][631]LogModuleManager: Shutting down and abandoning module PakFile (2)
[2021.12.03-17.28.36:681][631]LogExit: Exiting.
[2021.12.03-17.28.36:689][631]Log file closed, 12/03/21 17:28:36
